Arguments: 
  C:\Program Files\nodejs\node.exe C:\Program Files (x86)\Yarn\bin\yarn.js init

PATH: 
  C:\Users\alagu\Downloads\bin;C:\Users\alagu\Downloads\vendor\bin;C:\Users\alagu\Downloads\vendor\conemu-maximus5\ConEmu\Scripts;C:\Users\alagu\Downloads\vendor\conemu-maximus5;C:\Users\alagu\Downloads\vendor\conemu-maximus5\ConEmu;C:\ProgramData\DockerDesktop\version-bin;C:\Program Files\Docker\Docker\Resources\bin;C:\Windows\system32;C:\Windows;C:\Windows\System32\Wbem;C:\Windows\System32\WindowsPowerShell\v1.0\;C:\Windows\System32\OpenSSH\;C:\Program Files\Git\cmd;C:\Program Files\nodejs\;C:\Program Files (x86)\NVIDIA Corporation\PhysX\Common;C:\Program Files\NVIDIA Corporation\NVIDIA NvDLISR;C:\Program Files\Intel\WiFi\bin\;C:\Program Files\Common Files\Intel\WirelessCommon\;C:\Go\bin;C:\ProgramData\chocolatey\bin;C:\Program Files (x86)\Yarn\bin\;C:\Users\alagu\AppData\Local\Programs\Python\Python37-32\Scripts\;C:\Users\alagu\AppData\Local\Programs\Python\Python37-32\;C:\Users\alagu\.cargo\bin;C:\Users\alagu\AppData\Local\Microsoft\WindowsApps;C:\Users\alagu\AppData\Local\Programs\Microsoft VS Code\bin;C:\Users\alagu\AppData\Roaming\npm;C:\Users\alagu\AppData\Local\hyper\app-2.1.2\resources\bin;C:\Users\alagu\AppData\Local\atom\bin;C:\Users\alagu\go\bin;C:\Users\alagu\AppData\Local\Yarn\bin;C:\Program Files\Git\cmd;C:\Program Files\Git\mingw64\bin;C:\Program Files\Git\usr\bin;C:\Users\alagu\Downloads

Yarn version: 
  1.15.2

Node version: 
  11.12.0

Platform: 
  win32 x64

Trace: 
  Error: canceled
      at Interface.<anonymous> (C:\Program Files (x86)\Yarn\lib\cli.js:125801:13)
      at Interface.emit (events.js:197:13)
      at Interface._ttyWrite (readline.js:820:16)
      at ReadStream.onkeypress (readline.js:184:10)
      at ReadStream.emit (events.js:197:13)
      at emitKeys (internal/readline.js:424:14)
      at emitKeys.next (<anonymous>)
      at ReadStream.onData (readline.js:1093:36)
      at ReadStream.emit (events.js:197:13)
      at addChunk (_stream_readable.js:288:12)

npm manifest: 
  No manifest

yarn manifest: 
  No manifest

Lockfile: 
  No lockfile
